<?xml version="1.0" encoding="UTF-8"?>
<!-- Generated by org.testng.reporters.JUnitReportReporter -->
<testsuite hostname="DESKTOP-QUHMG70" failures="0" tests="2" name="Package2TestNG.ParametreTest" time="1.823" errors="0" timestamp="2022-12-02T21:27:01 IST" skipped="0">
  <testcase classname="Package2TestNG.ParametreTest" name="testLogo" time="1.789"/>
  <system-out/>
  <testcase classname="Package2TestNG.ParametreTest" name="testTitle" time="0.034"/>
  <system-out/>
</testsuite> <!-- Package2TestNG.ParametreTest -->
