<?xml version="1.0" encoding="UTF-8"?>
<!-- Generated by org.testng.reporters.JUnitReportReporter -->
<testsuite hostname="DESKTOP-QUHMG70" failures="0" tests="3" name="Package2TestNG.LoginTest" time="18.061" errors="0" timestamp="2022-11-30T22:12:30 IST" skipped="0">
  <testcase classname="Package2TestNG.LoginTest" name="openapp" time="9.868"/>
  <system-out/>
  <testcase classname="Package2TestNG.LoginTest" name="login" time="7.872"/>
  <system-out/>
  <testcase classname="Package2TestNG.LoginTest" name="close" time="0.321"/>
  <system-out/>
</testsuite> <!-- Package2TestNG.LoginTest -->
