<?xml version="1.0" encoding="UTF-8"?>
<!-- Generated by org.testng.reporters.JUnitReportReporter -->
<testsuite hostname="DESKTOP-QUHMG70" failures="0" tests="10" name="Package2TestNG.Allannotation" time="0.166" errors="0" timestamp="2022-12-01T13:17:05 IST" skipped="0">
  <testcase classname="Package2TestNG.Allannotation" name="bc" time="0.007"/>
  <system-out/>
  <testcase classname="Package2TestNG.Allannotation" name="bs" time="0.002"/>
  <system-out/>
  <testcase classname="Package2TestNG.Allannotation" name="bt" time="0.002"/>
  <system-out/>
  <testcase classname="Package2TestNG.Allannotation" name="as" time="0.020"/>
  <system-out/>
  <testcase classname="Package2TestNG.Allannotation" name="at" time="0.005"/>
  <system-out/>
  <testcase classname="Package2TestNG.Allannotation" name="bm" time="0.096"/>
  <system-out/>
  <testcase classname="Package2TestNG.Allannotation" name="am" time="0.006"/>
  <system-out/>
  <testcase classname="Package2TestNG.Allannotation" name="ac" time="0.024"/>
  <system-out/>
  <testcase classname="Package2TestNG.Allannotation" name="tm1" time="0.002"/>
  <system-out/>
  <testcase classname="Package2TestNG.Allannotation" name="tm2" time="0.002"/>
  <system-out/>
</testsuite> <!-- Package2TestNG.Allannotation -->
