<?xml version="1.0" encoding="UTF-8"?>
<!-- Generated by org.testng.reporters.JUnitReportReporter -->
<testsuite hostname="DESKTOP-QUHMG70" failures="0" tests="3" name="day37.Grouping" time="0.023" errors="0" timestamp="2022-12-01T18:09:27 IST" skipped="0">
  <testcase classname="day37.Grouping" name="signupByFacebook" time="0.019"/>
  <system-out/>
  <testcase classname="day37.Grouping" name="signupTwitter" time="0.002"/>
  <system-out/>
  <testcase classname="day37.Grouping" name="paymentReturnByBank" time="0.002"/>
  <system-out/>
</testsuite> <!-- day37.Grouping -->
