<?xml version="1.0" encoding="UTF-8"?>
<!-- Generated by org.testng.reporters.JUnitReportReporter -->
<testsuite hostname="DESKTOP-QUHMG70" failures="0" tests="2" name="day40.LoginTest" time="3.432" errors="0" timestamp="2022-12-04T13:03:59 IST" skipped="0">
  <testcase classname="day40.LoginTest" name="test_Logo" time="1.191"/>
  <system-out/>
  <testcase classname="day40.LoginTest" name="test_Login" time="2.241"/>
  <system-out/>
</testsuite> <!-- day40.LoginTest -->
