<?xml version="1.0" encoding="UTF-8"?>
<!-- Generated by org.testng.reporters.JUnitReportReporter -->
<testsuite hostname="DESKTOP-QUHMG70" failures="0" tests="4" name="day39.extentreport.LoginTest" time="9.013" errors="0" timestamp="2022-12-03T19:03:15 IST" skipped="0">
  <testcase classname="day39.extentreport.LoginTest" name="testLogo" time="0.112"/>
  <system-out/>
  <testcase classname="day39.extentreport.LoginTest" name="login" time="2.781"/>
  <system-out/>
  <testcase classname="day39.extentreport.LoginTest" name="logOut" time="5.582"/>
  <system-out/>
  <testcase classname="day39.extentreport.LoginTest" name="tearDown" time="0.538"/>
  <system-out/>
</testsuite> <!-- day39.extentreport.LoginTest -->
