<?xml version="1.0" encoding="UTF-8"?>
<!-- Generated by org.testng.reporters.JUnitReportReporter -->
<testsuite hostname="DESKTOP-QUHMG70" failures="0" tests="1" name="testCases.TC_016_Order_History" time="27.261" errors="0" timestamp="2022-09-05T08:42:28 IST" skipped="0">
  <testcase classname="testCases.TC_016_Order_History" name="test_Order_History" time="27.261"/>
</testsuite> <!-- testCases.TC_016_Order_History -->
