<?xml version="1.0" encoding="UTF-8"?>
<!-- Generated by org.testng.reporters.JUnitReportReporter -->
<testsuite hostname="DESKTOP-QUHMG70" failures="0" tests="4" name="testCases.TC_003_LoginDDT" time="50.575" errors="0" timestamp="2022-09-05T08:42:28 IST" skipped="0">
  <testcase classname="testCases.TC_003_LoginDDT" name="test_LoginDDT" time="12.818"/>
  <testcase classname="testCases.TC_003_LoginDDT" name="test_LoginDDT" time="13.866"/>
  <testcase classname="testCases.TC_003_LoginDDT" name="test_LoginDDT" time="14.619"/>
  <testcase classname="testCases.TC_003_LoginDDT" name="test_LoginDDT" time="9.272"/>
</testsuite> <!-- testCases.TC_003_LoginDDT -->
