<?xml version="1.0" encoding="UTF-8"?>
<!-- Generated by org.testng.reporters.JUnitReportReporter -->
<testsuite hostname="DESKTOP-QUHMG70" failures="0" tests="1" name="testCases.TC_024_ContactUs" time="23.185" errors="0" timestamp="2022-12-12T11:11:11 IST" skipped="0">
  <testcase classname="testCases.TC_024_ContactUs" name="test_ContactUs" time="23.185"/>
</testsuite> <!-- testCases.TC_024_ContactUs -->
