<?xml version="1.0" encoding="UTF-8"?>
<!-- Generated by org.testng.reporters.JUnitReportReporter -->
<testsuite hostname="DESKTOP-QUHMG70" failures="0" tests="1" name="testCases.TC_012_MyAccount" time="33.077" errors="0" timestamp="2022-09-05T08:42:28 IST" skipped="0">
  <testcase classname="testCases.TC_012_MyAccount" name="test_MyAccount" time="33.077"/>
</testsuite> <!-- testCases.TC_012_MyAccount -->
