<?xml version="1.0" encoding="UTF-8"?>
<!-- Generated by org.testng.reporters.JUnitReportReporter -->
<testsuite hostname="DESKTOP-QUHMG70" failures="0" tests="4" name="testCases.TC_003_LoginDDT" time="46.265" errors="0" timestamp="2022-12-12T11:11:11 IST" skipped="0">
  <testcase classname="testCases.TC_003_LoginDDT" name="test_LoginDDT" time="12.720"/>
  <testcase classname="testCases.TC_003_LoginDDT" name="test_LoginDDT" time="14.187"/>
  <testcase classname="testCases.TC_003_LoginDDT" name="test_LoginDDT" time="6.453"/>
  <testcase classname="testCases.TC_003_LoginDDT" name="test_LoginDDT" time="12.905"/>
</testsuite> <!-- testCases.TC_003_LoginDDT -->
