<?xml version="1.0" encoding="UTF-8"?>
<!-- Generated by org.testng.reporters.JUnitReportReporter -->
<testsuite hostname="DESKTOP-QUHMG70" failures="0" tests="1" name="testCases.TC_001_AccountRegistrationPage" time="16.144" errors="0" timestamp="2022-12-12T11:11:11 IST" skipped="0">
  <testcase classname="testCases.TC_001_AccountRegistrationPage" name="test_Account_Registration" time="16.144"/>
</testsuite> <!-- testCases.TC_001_AccountRegistrationPage -->
