<?xml version="1.0" encoding="UTF-8"?>
<!-- Generated by org.testng.reporters.JUnitReportReporter -->
<testsuite hostname="DESKTOP-QUHMG70" failures="0" tests="1" name="testCases.TC_017_Downloads" time="31.054" errors="0" timestamp="2022-12-12T10:37:16 IST" skipped="0">
  <testcase classname="testCases.TC_017_Downloads" name="test_Downloads" time="31.054"/>
</testsuite> <!-- testCases.TC_017_Downloads -->
