<?xml version="1.0" encoding="UTF-8"?>
<!-- Generated by org.testng.reporters.JUnitReportReporter -->
<testsuite hostname="DESKTOP-QUHMG70" failures="0" tests="1" name="testCases.TC_002_Login" time="14.894" errors="0" timestamp="2022-09-03T09:29:48 IST" skipped="0">
  <testcase classname="testCases.TC_002_Login" name="test_Login" time="14.894"/>
</testsuite> <!-- testCases.TC_002_Login -->
