<?xml version="1.0" encoding="UTF-8"?>
<!-- Generated by org.testng.reporters.JUnitReportReporter -->
<testsuite hostname="DESKTOP-QUHMG70" failures="0" tests="4" name="testCases.TC_003_LoginDDT" time="49.966" errors="0" timestamp="2022-09-03T09:29:48 IST" skipped="0">
  <testcase classname="testCases.TC_003_LoginDDT" name="test_LoginDDT" time="13.998"/>
  <testcase classname="testCases.TC_003_LoginDDT" name="test_LoginDDT" time="10.036"/>
  <testcase classname="testCases.TC_003_LoginDDT" name="test_LoginDDT" time="12.698"/>
  <testcase classname="testCases.TC_003_LoginDDT" name="test_LoginDDT" time="13.234"/>
</testsuite> <!-- testCases.TC_003_LoginDDT -->
