<?xml version="1.0" encoding="UTF-8"?>
<!-- Generated by org.testng.reporters.JUnitReportReporter -->
<testsuite hostname="DESKTOP-QUHMG70" failures="0" tests="1" name="testCases.TC_027_GiftCertificate" time="44.185" errors="0" timestamp="2022-09-04T22:20:38 IST" skipped="0">
  <testcase classname="testCases.TC_027_GiftCertificate" name="test_GiftCertificate" time="44.185"/>
</testsuite> <!-- testCases.TC_027_GiftCertificate -->
