<?xml version="1.0" encoding="UTF-8"?>
<!-- Generated by org.testng.reporters.JUnitReportReporter -->
<testsuite hostname="DESKTOP-QUHMG70" failures="0" tests="1" name="testCases.TC_020_Transactions" time="15.763" errors="0" timestamp="2022-12-12T10:37:16 IST" skipped="0">
  <testcase classname="testCases.TC_020_Transactions" name="test_Transactions" time="15.763"/>
</testsuite> <!-- testCases.TC_020_Transactions -->
