<?xml version="1.0" encoding="UTF-8"?>
<!-- Generated by org.testng.reporters.JUnitReportReporter -->
<testsuite hostname="DESKTOP-QUHMG70" failures="0" tests="1" name="testCases.TC_021_RecurringPayment" time="14.014" errors="0" timestamp="2022-12-12T10:37:16 IST" skipped="0">
  <testcase classname="testCases.TC_021_RecurringPayment" name="test_RecurringPayment" time="14.014"/>
</testsuite> <!-- testCases.TC_021_RecurringPayment -->
