<?xml version="1.0" encoding="UTF-8"?>
<!-- Generated by org.testng.reporters.JUnitReportReporter -->
<testsuite hostname="DESKTOP-QUHMG70" failures="0" tests="1" name="testCases.TC_008_ProductDisplayPage" time="56.583" errors="0" timestamp="2022-12-12T10:37:16 IST" skipped="0">
  <testcase classname="testCases.TC_008_ProductDisplayPage" name="test_productdisplaypage" time="56.583"/>
</testsuite> <!-- testCases.TC_008_ProductDisplayPage -->
