<?xml version="1.0" encoding="UTF-8"?>
<!-- Generated by org.testng.reporters.JUnitReportReporter -->
<testsuite hostname="DESKTOP-QUHMG70" failures="0" tests="4" name="testCases.TC_003_LoginDDT" time="68.058" errors="0" timestamp="2022-12-12T10:37:16 IST" skipped="0">
  <testcase classname="testCases.TC_003_LoginDDT" name="test_LoginDDT" time="16.314"/>
  <testcase classname="testCases.TC_003_LoginDDT" name="test_LoginDDT" time="13.614"/>
  <testcase classname="testCases.TC_003_LoginDDT" name="test_LoginDDT" time="19.164"/>
  <testcase classname="testCases.TC_003_LoginDDT" name="test_LoginDDT" time="18.966"/>
</testsuite> <!-- testCases.TC_003_LoginDDT -->
