<?xml version="1.0" encoding="UTF-8"?>
<!-- Generated by org.testng.reporters.JUnitReportReporter -->
<testsuite hostname="DESKTOP-QUHMG70" failures="0" tests="1" name="testCases.TC_004_Search" time="23.715" errors="0" timestamp="2022-09-03T09:29:48 IST" skipped="0">
  <testcase classname="testCases.TC_004_Search" name="test_search" time="23.715"/>
</testsuite> <!-- testCases.TC_004_Search -->
